Arguments:
  C:\Program Files\nodejs\node.exe C:\Program Files (x86)\Yarn\bin\yarn.js

PATH:
  C:\Program Files\Git\mingw64\bin;C:\Program Files\Git\usr\bin;C:\Users\c58011a\bin;C:\WINDOWS;C:\WINDOWS\System32;C:\WINDOWS\System32\WBEM;C:\Oracle12c\product\12.1.0\dbhome_1\BIN;C:\Python27;C:\Python27\Scripts;C:\Program Files (x86)\Common Files\Oracle\Java\javapath;C:\software\java\jdk1.8.0_212\BIN;C:\Program Files\apache-maven-3.5.0\BIN;C:\WINDOWS\SYSTEM32\WINDOWSPOWERSHELL\V1.0;C:\Program Files (x86)\WebEx\Productivity Tools;C:\Program Files\Java\jdk1.8.0_202\bin;C:\Program Files\Git\cmd;C:\Program Files\Microsoft SQL Server\Client SDK\ODBC\110\Tools\Binn;C:\Program Files (x86)\Microsoft SQL Server\120\Tools\Binn;C:\Program Files\Microsoft SQL Server\120\Tools\Binn;C:\Program Files\Microsoft SQL Server\120\DTS\Binn;C:\Program Files (x86)\Microsoft SQL Server\120\Tools\Binn\ManagementStudio;C:\Program Files (x86)\Microsoft SQL Server\120\DTS\Binn;C:\Program Files\Microsoft SQL Server\Client SDK\ODBC\110\Tools\Binn;C:\Program Files (x86)\Microsoft SQL Server\120\Tools\Binn\ManagementStudio;C:\Program Files (x86)\Microsoft SQL Server\120\Tools\Binn;C:\Program Files\Microsoft SQL Server\120\Tools\Binn;C:\Program Files (x86)\Microsoft SQL Server\120\DTS\Binn;C:\Program Files\Microsoft SQL Server\120\DTS\Binn;C:\Program Files\nodejs;C:\Program Files\Microsoft SQL Server\Client SDK\ODBC\110\Tools\Binn;C:\Program Files\Microsoft SQL Server\120\DTS\Binn;C:\Program Files (x86)\Microsoft SQL Server\120\Tools\Binn\ManagementStudio;C:\Program Files (x86)\Microsoft SQL Server\120\Tools\Binn;C:\Program Files\Microsoft SQL Server\120\Tools\Binn;C:\Program Files (x86)\Microsoft SQL Server\120\DTS\Binn;C:\Program Files\gradle-5.3\BIN;C:\Program Files\nodejs;C:\Program Files (x86)\WebEx\Webex\Applications;C:\Program Files\Microsoft SQL Server\Client SDK\ODBC\110\Tools\Binn;C:\Program Files\Microsoft SQL Server\120\DTS\Binn;C:\Program Files (x86)\Microsoft SQL Server\120\Tools\Binn\ManagementStudio;C:\Program Files (x86)\Microsoft SQL Server\120\Tools\Binn;C:\Program Files\Microsoft SQL Server\120\Tools\Binn;C:\Program Files (x86)\Microsoft SQL Server\120\DTS\Binn;C:\ProgramData\chocolatey\bin;C:\Program Files\TortoiseSVN\bin;C:\Program Files\nodejs;C:\Program Files\nodejs;C:\Program Files (x86)\Yarn\bin;C:\Program Files\Microsoft SQL Server\Client SDK\ODBC\110\Tools\Binn;C:\Program Files\Microsoft SQL Server\120\DTS\Binn;C:\Users\c58011a\AppData\Local\Microsoft\WindowsApps;C:\Users\c58011a\AppData\Local\Programs\Microsoft VS Code\bin;C:\Users\c58011a\AppData\Roaming\npm;C:\Users\c58011a\AppData\Local\Yarn\bin

Yarn version:
  1.16.0

Node version:
  12.6.0

Platform:
  win32 x64

Trace:
  Error: unable to verify the first certificate
      at TLSSocket.onConnectSecure (_tls_wrap.js:1317:34)
      at TLSSocket.emit (events.js:203:13)
      at TLSSocket._finishInit (_tls_wrap.js:792:8)
      at TLSWrap.ssl.onhandshakedone (_tls_wrap.js:606:12)

npm manifest:
  {
    "name": "events-app",
    "version": "0.0.0",
    "scripts": {
      "ng": "ng",
      "start": "ng serve",
      "build": "ng build",
      "test": "ng test",
      "lint": "ng lint",
      "e2e": "ng e2e"
    },
    "private": true,
    "dependencies": {
  	"@angular/animations": "7.1.2",
      "@angular/common": "7.1.2",
      "@angular/compiler": "7.1.2",
      "@angular/core": "7.1.2",
      "@angular/forms": "7.1.2",
      "@angular/http": "7.1.2",
      "@angular/platform-browser": "7.1.2",
      "@angular/platform-browser-dynamic": "7.1.2",
      "@angular/router": "7.1.2",
      "core-js": "2.5.4",
      "ngf-bootstrap": "0.0.5",
      "rxjs": "6.3.3",
      "toastr": "2.1.2",
      "zone.js": "0.8.26"
    },
    "devDependencies": {
      "@angular/compiler-cli": "7.1.2",
      "@angular-devkit/build-angular": "0.11.2",
      "typescript": "3.1.6",
      "@angular/cli": "7.1.2",
      "@angular/language-service": "7.1.2",
      "@types/jasmine": "2.8.6",
      "@types/jasminewd2": "2.0.3",
      "@types/node": "8.9.4",
      "codelyzer": "4.5.0",
      "jasmine-core": "2.99.1",
      "jasmine-spec-reporter": "4.2.1",
      "karma": "3.1.3",
      "karma-chrome-launcher": "2.2.0",
      "karma-coverage-istanbul-reporter": "2.0.1",
      "karma-jasmine": "1.1.2",
      "karma-jasmine-html-reporter": "0.2.2",
      "protractor": "5.4.0",
      "ts-node": "7.0.1",
      "tslint": "5.11.0"
    }
  }

yarn manifest:
  No manifest

Lockfile:
  No lockfile
